{
  "stats": {
    "suites": 1,
    "tests": 5,
    "passes": 5,
    "pending": 0,
    "failures": 0,
    "start": "2021-05-09T09:00:41.012Z",
    "end": "2021-05-09T09:00:44.271Z",
    "duration": 3259,
    "testsRegistered": 5,
    "passPercent": 100,
    "pendingPercent": 0,
    "other": 0,
    "hasOther": false,
    "skipped": 0,
    "hasSkipped": false
  },
  "results": [
    {
      "uuid": "91b2f2f9-6362-4258-b396-5fb7cefd2425",
      "title": "",
      "fullFile": "cypress/integration/backend-test.spec.js",
      "file": "cypress/integration/backend-test.spec.js",
      "beforeHooks": [],
      "afterHooks": [],
      "tests": [],
      "suites": [
        {
          "uuid": "d9a74a4e-07af-4187-80ec-46d31dc93f97",
          "title": "Backend test suite",
          "fullFile": "",
          "file": "",
          "beforeHooks": [],
          "afterHooks": [],
          "tests": [
            {
              "title": "Testcase 03 - View rooms",
              "fullTitle": "Backend test suite Testcase 03 - View rooms",
              "timedOut": null,
              "duration": 753,
              "state": "passed",
              "speed": "slow",
              "pass": true,
              "fail": false,
              "pending": false,
              "context": null,
              "code": "roomHelpers.getAllRoomsRequest(cy);\ncommonHelpers.logoutRequest(cy);",
              "err": {},
              "uuid": "8101b8bd-d966-43b4-b6c7-9ebcc17475d9",
              "parentUUID": "d9a74a4e-07af-4187-80ec-46d31dc93f97",
              "isHook": false,
              "skipped": false
            },
            {
              "title": "Testcase 04 - Create new room",
              "fullTitle": "Backend test suite Testcase 04 - Create new room",
              "timedOut": null,
              "duration": 678,
              "state": "passed",
              "speed": "slow",
              "pass": true,
              "fail": false,
              "pending": false,
              "context": null,
              "code": "roomHelpers.createRoomRequest(cy);\ncommonHelpers.logoutRequest(cy);",
              "err": {},
              "uuid": "7ca7ca63-068b-409c-90a4-c5f81ae0a6e4",
              "parentUUID": "d9a74a4e-07af-4187-80ec-46d31dc93f97",
              "isHook": false,
              "skipped": false
            },
            {
              "title": "Testcase 05 - Edit room",
              "fullTitle": "Backend test suite Testcase 05 - Edit room",
              "timedOut": null,
              "duration": 604,
              "state": "passed",
              "speed": "slow",
              "pass": true,
              "fail": false,
              "pending": false,
              "context": null,
              "code": "roomHelpers.editRoomRequest(cy);\ncommonHelpers.logoutRequest(cy);",
              "err": {},
              "uuid": "60bc1ae2-f184-4a64-82ff-2d591df9f0b8",
              "parentUUID": "d9a74a4e-07af-4187-80ec-46d31dc93f97",
              "isHook": false,
              "skipped": false
            },
            {
              "title": "Test case 08 - Create client",
              "fullTitle": "Backend test suite Test case 08 - Create client",
              "timedOut": null,
              "duration": 586,
              "state": "passed",
              "speed": "slow",
              "pass": true,
              "fail": false,
              "pending": false,
              "context": null,
              "code": "clientHelpers.createClientRequest(cy);\ncommonHelpers.logoutRequest(cy);",
              "err": {},
              "uuid": "830f0e6c-912e-4d58-a1d1-fc5c8e0bbf2c",
              "parentUUID": "d9a74a4e-07af-4187-80ec-46d31dc93f97",
              "isHook": false,
              "skipped": false
            },
            {
              "title": "Test case 10 - Delete client",
              "fullTitle": "Backend test suite Test case 10 - Delete client",
              "timedOut": null,
              "duration": 582,
              "state": "passed",
              "speed": "slow",
              "pass": true,
              "fail": false,
              "pending": false,
              "context": null,
              "code": "clientHelpers.deleteClientRequest(cy);\ncommonHelpers.logoutRequest(cy);",
              "err": {},
              "uuid": "081b6cd4-66e7-42ce-a35b-6ac994ef08a7",
              "parentUUID": "d9a74a4e-07af-4187-80ec-46d31dc93f97",
              "isHook": false,
              "skipped": false
            }
          ],
          "suites": [],
          "passes": [
            "8101b8bd-d966-43b4-b6c7-9ebcc17475d9",
            "7ca7ca63-068b-409c-90a4-c5f81ae0a6e4",
            "60bc1ae2-f184-4a64-82ff-2d591df9f0b8",
            "830f0e6c-912e-4d58-a1d1-fc5c8e0bbf2c",
            "081b6cd4-66e7-42ce-a35b-6ac994ef08a7"
          ],
          "failures": [],
          "pending": [],
          "skipped": [],
          "duration": 3203,
          "root": false,
          "rootEmpty": false,
          "_timeout": 2000
        }
      ],
      "passes": [],
      "failures": [],
      "pending": [],
      "skipped": [],
      "duration": 0,
      "root": true,
      "rootEmpty": true,
      "_timeout": 2000
    }
  ],
  "meta": {
    "mocha": {
      "version": "7.0.1"
    },
    "mochawesome": {
      "options": {
        "quiet": false,
        "reportFilename": "mochawesome",
        "saveHtml": true,
        "saveJson": true,
        "consoleReporter": "spec",
        "useInlineDiffs": false,
        "code": true
      },
      "version": "6.2.2"
    },
    "marge": {
      "options": null,
      "version": "5.2.0"
    }
  }
}